# JRE version: OpenJDK Runtime Environment (11.0.10) (build 11.0.10+0-b96-7249189)
# Java VM: OpenJDK 64-Bit Server VM (11.0.10+0-b96-7249189, mixed mode, tiered, compressed oops, g1 gc, windows-amd64)
Heap:
 garbage-first heap   total 262144K, used 120752K [0x00000000e0000000, 0x0000000100000000)
  region size 1024K, 39 young (39936K), 16 survivors (16384K)
 Metaspace       used 77054K, capacity 81040K, committed 81328K, reserved 325632K
  class space    used 10049K, capacity 11408K, committed 11520K, reserved 253952K
GC Heap History (18 events):
Event: 0.608 GC heap before
{Heap before GC invocations=0 (full 0):
 garbage-first heap   total 262144K, used 27648K [0x00000000e0000000, 0x0000000100000000)
  region size 1024K, 22 young (22528K), 0 survivors (0K)
 Metaspace       used 9908K, capacity 10096K, committed 10368K, reserved 264192K
  class space    used 1031K, capacity 1092K, committed 1152K, reserved 253952K
}
Event: 0.612 GC heap after
{Heap after GC invocations=1 (full 0):
 garbage-first heap   total 262144K, used 8322K [0x00000000e0000000, 0x0000000100000000)
  region size 1024K, 3 young (3072K), 3 survivors (3072K)
 Metaspace       used 9908K, capacity 10096K, committed 10368K, reserved 264192K
  class space    used 1031K, capacity 1092K, committed 1152K, reserved 253952K
}
Event: 2.027 GC heap before
{Heap before GC invocations=1 (full 0):
 garbage-first heap   total 262144K, used 89218K [0x00000000e0000000, 0x0000000100000000)
  region size 1024K, 84 young (86016K), 3 survivors (3072K)
 Metaspace       used 20701K, capacity 21185K, committed 21296K, reserved 274432K
  class space    used 2472K, capacity 2639K, committed 2688K, reserved 253952K
}
Event: 2.034 GC heap after
{Heap after GC invocations=2 (full 0):
 garbage-first heap   total 262144K, used 15927K [0x00000000e0000000, 0x0000000100000000)
  region size 1024K, 11 young (11264K), 11 survivors (11264K)
 Metaspace       used 20701K, capacity 21185K, committed 21296K, reserved 274432K
  class space    used 2472K, capacity 2639K, committed 2688K, reserved 253952K
}
Event: 2.651 GC heap before
{Heap before GC invocations=3 (full 0):
 garbage-first heap   total 262144K, used 74295K [0x00000000e0000000, 0x0000000100000000)
  region size 1024K, 59 young (60416K), 11 survivors (11264K)
 Metaspace       used 26745K, capacity 27415K, committed 27440K, reserved 278528K
  class space    used 3439K, capacity 3712K, committed 3712K, reserved 253952K
}
Event: 2.660 GC heap after
{Heap after GC invocations=4 (full 0):
 garbage-first heap   total 262144K, used 30025K [0x00000000e0000000, 0x0000000100000000)
  region size 1024K, 4 young (4096K), 4 survivors (4096K)
 Metaspace       used 26745K, capacity 27415K, committed 27440K, reserved 278528K
  class space    used 3439K, capacity 3712K, committed 3712K, reserved 253952K
}
Event: 3.319 GC heap before
{Heap before GC invocations=4 (full 0):
 garbage-first heap   total 262144K, used 78153K [0x00000000e0000000, 0x0000000100000000)
  region size 1024K, 49 young (50176K), 4 survivors (4096K)
 Metaspace       used 35059K, capacity 35817K, committed 35888K, reserved 286720K
  class space    used 4443K, capacity 4703K, committed 4736K, reserved 253952K
}
Event: 3.326 GC heap after
{Heap after GC invocations=5 (full 0):
 garbage-first heap   total 262144K, used 35660K [0x00000000e0000000, 0x0000000100000000)
  region size 1024K, 8 young (8192K), 8 survivors (8192K)
 Metaspace       used 35059K, capacity 35817K, committed 35888K, reserved 286720K
  class space    used 4443K, capacity 4703K, committed 4736K, reserved 253952K
}
Event: 13.705 GC heap before
{Heap before GC invocations=6 (full 0):
 garbage-first heap   total 262144K, used 121676K [0x00000000e0000000, 0x0000000100000000)
  region size 1024K, 92 young (94208K), 8 survivors (8192K)
 Metaspace       used 42314K, capacity 43410K, committed 43696K, reserved 292864K
  class space    used 5447K, capacity 5842K, committed 5888K, reserved 253952K
}
Event: 13.718 GC heap after
{Heap after GC invocations=7 (full 0):
 garbage-first heap   total 262144K, used 39232K [0x00000000e0000000, 0x0000000100000000)
  region size 1024K, 10 young (10240K), 10 survivors (10240K)
 Metaspace       used 42314K, capacity 43410K, committed 43696K, reserved 292864K
  class space    used 5447K, capacity 5842K, committed 5888K, reserved 253952K
}
Event: 16.786 GC heap before
{Heap before GC invocations=8 (full 0):
 garbage-first heap   total 262144K, used 163136K [0x00000000e0000000, 0x0000000100000000)
  region size 1024K, 129 young (132096K), 10 survivors (10240K)
 Metaspace       used 56180K, capacity 57726K, committed 57904K, reserved 305152K
  class space    used 7135K, capacity 7703K, committed 7808K, reserved 253952K
}
Event: 16.802 GC heap after
{Heap after GC invocations=9 (full 0):
 garbage-first heap   total 262144K, used 53892K [0x00000000e0000000, 0x0000000100000000)
  region size 1024K, 17 young (17408K), 17 survivors (17408K)
 Metaspace       used 56180K, capacity 57726K, committed 57904K, reserved 305152K
  class space    used 7135K, capacity 7703K, committed 7808K, reserved 253952K
}
Event: 27.537 GC heap before
{Heap before GC invocations=9 (full 0):
 garbage-first heap   total 262144K, used 169604K [0x00000000e0000000, 0x0000000100000000)
  region size 1024K, 131 young (134144K), 17 survivors (17408K)
 Metaspace       used 65313K, capacity 67257K, committed 67376K, reserved 313344K
  class space    used 8461K, capacity 9239K, committed 9344K, reserved 253952K
}
Event: 27.550 GC heap after
{Heap after GC invocations=10 (full 0):
 garbage-first heap   total 262144K, used 63647K [0x00000000e0000000, 0x0000000100000000)
  region size 1024K, 10 young (10240K), 10 survivors (10240K)
 Metaspace       used 65313K, capacity 67257K, committed 67376K, reserved 313344K
  class space    used 8461K, capacity 9239K, committed 9344K, reserved 253952K
}
Event: 28.910 GC heap before
{Heap before GC invocations=10 (full 0):
 garbage-first heap   total 262144K, used 137375K [0x00000000e0000000, 0x0000000100000000)
  region size 1024K, 83 young (84992K), 10 survivors (10240K)
 Metaspace       used 70051K, capacity 72666K, committed 72752K, reserved 317440K
  class space    used 9078K, capacity 10083K, committed 10112K, reserved 253952K
}
Event: 28.927 GC heap after
{Heap after GC invocations=11 (full 0):
 garbage-first heap   total 262144K, used 73685K [0x00000000e0000000, 0x0000000100000000)
  region size 1024K, 10 young (10240K), 10 survivors (10240K)
 Metaspace       used 70051K, capacity 72666K, committed 72752K, reserved 317440K
  class space    used 9078K, capacity 10083K, committed 10112K, reserved 253952K
}
Event: 30.501 GC heap before
{Heap before GC invocations=12 (full 0):
 garbage-first heap   total 262144K, used 191445K [0x00000000e0000000, 0x0000000100000000)
  region size 1024K, 121 young (123904K), 10 survivors (10240K)
 Metaspace       used 75619K, capacity 79310K, committed 79536K, reserved 323584K
  class space    used 9860K, capacity 11153K, committed 11264K, reserved 253952K
}
Event: 30.518 GC heap after
{Heap after GC invocations=13 (full 0):
 garbage-first heap   total 262144K, used 98224K [0x00000000e0000000, 0x0000000100000000)
  region size 1024K, 16 young (16384K), 16 survivors (16384K)
 Metaspace       used 75619K, capacity 79310K, committed 79536K, reserved 323584K
  class space    used 9860K, capacity 11153K, committed 11264K, reserved 253952K
}

